<?xml version="1.0" encoding="UTF-8"?>
<!-- Generated by org.testng.reporters.JUnitReportReporter -->
<testsuite hostname="azmi" failures="0" tests="1" name="com.selenium_with_java_testNG.qa.testcases.Login" time="45.529" errors="0" timestamp="2023-05-02T16:02:23 CET" skipped="0">
  <testcase classname="com.selenium_with_java_testNG.qa.testcases.Login" name="login_with_invalid_cerdentials" time="45.529"/>
  <system-out/>
</testsuite> <!-- com.selenium_with_java_testNG.qa.testcases.Login -->
